<?xml version="1.0" encoding="UTF-8"?>
<testng-results ignored="0" total="1" passed="1" failed="0" skipped="0">
  <reporter-output>
  </reporter-output>
  <suite started-at="2024-06-10T10:52:26 IST" name="Default suite" finished-at="2024-06-10T10:53:01 IST" duration-ms="34969">
    <groups>
    </groups>
    <test started-at="2024-06-10T10:52:26 IST" name="Default test" finished-at="2024-06-10T10:53:01 IST" duration-ms="34969">
      <class name="projectrakhi.Orangehrmrak">
        <test-method is-config="true" signature="setup()[pri:0, instance:projectrakhi.Orangehrmrak@b62d79]" started-at="2024-06-10T10:52:26 IST" name="setup" finished-at="2024-06-10T10:52:48 IST" duration-ms="21608" status="PASS">
          <reporter-output>
          </reporter-output>
        </test-method> <!-- setup -->
        <test-method signature="addEmployeeTest()[pri:0, instance:projectrakhi.Orangehrmrak@b62d79]" started-at="2024-06-10T10:52:48 IST" name="addEmployeeTest" finished-at="2024-06-10T10:53:01 IST" duration-ms="13305" status="PASS">
          <reporter-output>
          </reporter-output>
        </test-method> <!-- addEmployeeTest -->
        <test-method is-config="true" signature="terminateBrowser()[pri:0, instance:projectrakhi.Orangehrmrak@b62d79]" started-at="2024-06-10T10:53:01 IST" name="terminateBrowser" finished-at="2024-06-10T10:53:01 IST" duration-ms="2" status="PASS">
          <reporter-output>
          </reporter-output>
        </test-method> <!-- terminateBrowser -->
      </class> <!-- projectrakhi.Orangehrmrak -->
    </test> <!-- Default test -->
  </suite> <!-- Default suite -->
</testng-results>
